<?xml version="1.0" encoding="UTF-8"?>
<!-- Generated by org.testng.reporters.JUnitReportReporter -->
<testsuite hostname="NavaneethaKrishnan" failures="0" tests="1" name="testCase.Updateprofiletestcase" time="9.299" errors="0" timestamp="2022-07-23T20:23:55 GST" skipped="0">
  <testcase classname="testCase.Updateprofiletestcase" name="updateprofile" time="9.299"/>
  <system-out/>
</testsuite> <!-- testCase.Updateprofiletestcase -->
