<?xml version="1.0" encoding="UTF-8"?>
<!-- Generated by org.testng.reporters.JUnitReportReporter -->
<testsuite hostname="NavaneethaKrishnan" failures="0" tests="1" name="testCase.Login" time="6.188" errors="0" timestamp="2022-07-10T12:04:58 GST" skipped="0">
  <testcase classname="testCase.Login" name="LogintoPHP" time="6.188"/>
  <system-out/>
</testsuite> <!-- testCase.Login -->
