<?xml version="1.0" encoding="UTF-8"?>
<!-- Generated by org.testng.reporters.JUnitReportReporter -->
<testsuite hostname="NavaneethaKrishnan" failures="0" tests="1" name="pageFactoryWithoutFindBy.PageFactorywithoutFB" time="7.645" errors="0" timestamp="2022-07-23T20:23:41 GST" skipped="0">
  <testcase classname="pageFactoryWithoutFindBy.PageFactorywithoutFB" name="login" time="7.645"/>
  <system-out/>
</testsuite> <!-- pageFactoryWithoutFindBy.PageFactorywithoutFB -->
